<?xml version="1.0" encoding="UTF-8"?>
<!-- Generated by org.testng.reporters.JUnitXMLReporter -->
<testsuite ignored="0" hostname="DESKTOP-K6G9LRS" failures="1" tests="7" name="Test" time="279.459" errors="0" timestamp="2023-08-16T13:32:07 COT">
  <testcase classname="test.AeonMerxTest" name="testAeonMerxLogo" time="36.108"/>
  <testcase classname="test.AeonMerxTest" name="testCreateAndVerifyProvider" time="50.651">
    <failure type="java.lang.AssertionError" message="El proveedor no está en la lista">
      <![CDATA[java.lang.AssertionError: El proveedor no está en la lista
at pages.AeonMerxPage.handleAssertionFailure(AeonMerxPage.java:42)
at pages.AeonMerxPage.assertAndHandle(AeonMerxPage.java:37)
at test.AeonMerxTest.testCreateAndVerifyProvider(AeonMerxTest.java:51)
at java.base/java.util.ArrayList.forEach(ArrayList.java:1511)
... Removed 26 stack frames]]>
    </failure>
  </testcase> <!-- testCreateAndVerifyProvider -->
  <testcase classname="test.AeonMerxTest" name="testLogin" time="21.495"/>
  <testcase classname="test.AeonMerxTest" name="testLogin" time="26.711"/>
  <testcase classname="test.AeonMerxTest" name="testLoginWithExcel" time="27.327"/>
  <testcase classname="test.AeonMerxTest" name="testLoginWithExcel" time="15.587"/>
  <testcase classname="test.AeonMerxTest" name="testSomeElementText" time="26.172"/>
</testsuite> <!-- Test -->
